Arguments: 
  /usr/local/Cellar/node/14.0.0/bin/node /usr/local/Cellar/yarn/1.22.4/libexec/bin/yarn.js dev

PATH: 
  /usr/local/bin:/usr/bin:/bin:/usr/sbin:/sbin:/Library/Apple/usr/bin:/Users/falatozz/.android-sdk-macosx/platform-tools/:/Users/falatozz/.android-sdk-macosx/platform-tools/

Yarn version: 
  1.22.4

Node version: 
  14.0.0

Platform: 
  darwin x64

Trace: 
  SyntaxError: /Users/falatozz/Desktop/falatozz node-module/package.json: Unexpected token } in JSON at position 276
      at JSON.parse (<anonymous>)
      at /usr/local/Cellar/yarn/1.22.4/libexec/lib/cli.js:1625:59
      at Generator.next (<anonymous>)
      at step (/usr/local/Cellar/yarn/1.22.4/libexec/lib/cli.js:310:30)
      at /usr/local/Cellar/yarn/1.22.4/libexec/lib/cli.js:321:13

npm manifest: 
  {
    "name": "@evd-components/react-lib",
    "version": "1.0.27",
    "description": "This is a web components library from falatozz developers.",
    "main": "./build/index.js",
    "scripts": {
      "test": "test",
      "dev": "ts-node-dev --respawn --transpile-only src/index.ts",
    },
    "author": "Papp Gergely",
    "license": "ISC",
    "repository": {
      "type": "git",
      "url": "git+https://github.com/pappgergely012/evd-components.git"
    },
    "keywords": [
      "components",
      "react",
      "dropdown"
    ],
    "bugs": {
      "url": "https://github.com/pappgergely012/evd-components/issues"
    },
    "homepage": "https://github.com/pappgergely012/evd-components#readme",
    "dependencies": {
      "typescript": "^4.0.2"
    },
    "devDependencies": {
      "@types/node": "^14.0.27",
      "ts-node-dev": "^1.0.0-pre.56"
    }
  }

yarn manifest: 
  No manifest

Lockfile: 
  # THIS IS AN AUTOGENERATED FILE. DO NOT EDIT THIS FILE DIRECTLY.
  # yarn lockfile v1
  
  
  typescript@^4.0.2:
    version "4.0.2"
    resolved "https://registry.yarnpkg.com/typescript/-/typescript-4.0.2.tgz#7ea7c88777c723c681e33bf7988be5d008d05ac2"
    integrity sha512-e4ERvRV2wb+rRZ/IQeb3jm2VxBsirQLpQhdxplZ2MEzGvDkkMmPglecnNDfSUBivMjP93vRbngYYDQqQ/78bcQ==
